हिन्दी	NN.n.f.sg.3.d	हिन्दी.0
संवैधानिक	JJ.adj.any.any..any	संवैधानिक.
रूप	NN.n.m.sg.3.d	रूप.0
से	PSP.v.any.any.any.	से.0
भारत	NNP.n.m.sg.3.d	भारत.0
की	PSP.psp.f.sg..d	का.का
प्रथम	QO.adj.any.any..any	प्रथम.
राजभाषा	NN.n.f.sg.3.d	राजभाषा.0
और	CC.adv....	और.
भारत	NNP.n.m.sg.3.d	भारत.0
की	PSP.psp.f.sg..d	का.का
सबसे	INTF.adj.any.any..any	सबसे.
अधिक	QF.adv....	अधिक.
बोली	VM.v.f.sg.any.	बोल.या
और	CC.adv....	और.
समझी	VM.v.f.sg.any.	समझ.या
जाने	VAUX.v.any.sg.2.	जान.एं
वाली	PSP.n.f.sg.3.d	वाली.0
भाषा	NN.n.f.sg.3.d	भाषा.0
है	VM.v.any.sg.2.	है.है
चीनी	NN.adj.f.any..any	चीनी.
के	PSP.psp.m.sg..o	का.का
बाद	NST.adv....	बाद.
यह	DEM.pn.any.sg.3.d	यह.0
विश्व	NN.n.m.sg.3.d	विश्व.0
में	PSP.psp....	में.
सबसे	INTF.adj.any.any..any	सबसे.
अधिक	QF.adv....	अधिक.
बोली	VM.v.f.sg.any.	बोल.या
जाने	VAUX.v.any.sg.2.	जान.एं
वाली	PSP.n.f.sg.3.d	वाली.0
भाषा	NN.n.f.sg.3.d	भाषा.0
भी	RP.adv....	भी.
है	VM.v.any.sg.2.	है.है
